2023-03-19 02:11:58,566 WARN com.zaxxer.hikari.pool.HikariPool$HouseKeeper [HikariPool-1 housekeeper] HikariPool-1 - Thread starvation or clock leap detected (housekeeper delta=24m31s793ms927µs99ns).
2023-03-19 02:12:01,590 WARN com.zaxxer.hikari.pool.HikariPool$HouseKeeper [HikariPool-2 housekeeper] HikariPool-2 - Thread starvation or clock leap detected (housekeeper delta=24m31s783ms353µs).
2023-03-19 11:52:33,228 WARN com.zaxxer.hikari.pool.HikariPool$HouseKeeper [HikariPool-1 housekeeper] HikariPool-1 - Thread starvation or clock leap detected (housekeeper delta=7h32m34s661ms916µs400ns).
2023-03-19 11:52:36,283 WARN com.zaxxer.hikari.pool.HikariPool$HouseKeeper [HikariPool-2 housekeeper] HikariPool-2 - Thread starvation or clock leap detected (housekeeper delta=7h32m34s665ms385µs99ns).
2023-03-19 14:03:35,903 WARN com.zaxxer.hikari.pool.HikariPool$HouseKeeper [HikariPool-2 housekeeper] HikariPool-2 - Thread starvation or clock leap detected (housekeeper delta=1h15m30s83ms136µs500ns).
2023-03-19 14:03:48,658 INFO org.springframework.orm.jpa.AbstractEntityManagerFactoryBean [SpringApplicationShutdownHook] Closing JPA EntityManagerFactory for persistence unit 'default'
2023-03-19 14:03:48,674 INFO com.zaxxer.hikari.HikariDataSource [SpringApplicationShutdownHook] HikariPool-1 - Shutdown initiated...
2023-03-19 14:03:48,674 INFO com.zaxxer.hikari.HikariDataSource [SpringApplicationShutdownHook] HikariPool-1 - Shutdown completed.
2023-03-19 14:03:48,803 INFO org.springframework.orm.jpa.AbstractEntityManagerFactoryBean [SpringApplicationShutdownHook] Closing JPA EntityManagerFactory for persistence unit 'default'
2023-03-19 14:03:48,803 INFO com.zaxxer.hikari.HikariDataSource [SpringApplicationShutdownHook] HikariPool-2 - Shutdown initiated...
2023-03-19 14:03:48,805 INFO com.zaxxer.hikari.HikariDataSource [SpringApplicationShutdownHook] HikariPool-2 - Shutdown completed.
2023-03-19 18:05:10,146 INFO org.springframework.boot.StartupInfoLogger [main] Starting PFEApplication using Java 1.8.0_191 on LAPTOP-B0RHBDN9 with PID 14008 (C:\Users\Safa\IdeaProjects\ProjetPFESAFA\target\classes started by Safa in C:\Users\Safa\IdeaProjects\ProjetPFESAFA)
2023-03-19 18:05:10,146 INFO org.springframework.boot.SpringApplication [main] The following profiles are active: local
2023-03-19 18:05:11,039 INFO org.springframework.data.repository.config.RepositoryConfigurationDelegate [main] Bootstrapping Spring Data JPA repositories in DEFAULT mode.
2023-03-19 18:05:11,103 INFO org.springframework.data.repository.config.RepositoryConfigurationDelegate [main] Finished Spring Data repository scanning in 51 ms. Found 1 JPA repository interfaces.
2023-03-19 18:05:11,916 INFO org.springframework.boot.web.embedded.tomcat.TomcatWebServer [main] Tomcat initialized with port(s): 7777 (http)
2023-03-19 18:05:11,916 INFO org.apache.juli.logging.DirectJDKLog [main] Initializing ProtocolHandler ["http-nio-7777"]
2023-03-19 18:05:11,916 INFO org.apache.juli.logging.DirectJDKLog [main] Starting service [Tomcat]
2023-03-19 18:05:11,916 INFO org.apache.juli.logging.DirectJDKLog [main] Starting Servlet engine: [Apache Tomcat/9.0.46]
2023-03-19 18:05:12,039 INFO org.apache.juli.logging.DirectJDKLog [main] Initializing Spring embedded WebApplicationContext
2023-03-19 18:05:12,039 INFO org.springframework.boot.web.servlet.context.ServletWebServerApplicationContext [main] Root WebApplicationContext: initialization completed in 1821 ms
2023-03-19 18:05:12,149 INFO com.zaxxer.hikari.HikariDataSource [main] HikariPool-1 - Starting...
2023-03-19 18:05:12,386 INFO com.zaxxer.hikari.pool.PoolBase [main] HikariPool-1 - Driver does not support get/set network timeout for connections. (com.mysql.jdbc.JDBC4Connection.getNetworkTimeout()I)
2023-03-19 18:05:12,386 INFO com.zaxxer.hikari.HikariDataSource [main] HikariPool-1 - Start completed.
2023-03-19 18:05:12,522 INFO org.hibernate.jpa.internal.util.LogHelper [main] HHH000204: Processing PersistenceUnitInfo [name: default]
2023-03-19 18:05:12,596 INFO org.hibernate.Version [main] HHH000412: Hibernate ORM core version 5.4.32.Final
2023-03-19 18:05:12,737 INFO org.hibernate.annotations.common.reflection.java.JavaReflectionManager [main] HCANN000001: Hibernate Commons Annotations {5.1.2.Final}
2023-03-19 18:05:12,847 INFO org.hibernate.dialect.Dialect [main] HHH000400: Using dialect: org.hibernate.dialect.MySQL57Dialect
2023-03-19 18:05:13,344 INFO org.hibernate.engine.transaction.jta.platform.internal.JtaPlatformInitiator [main] HHH000490: Using JtaPlatform implementation: [org.hibernate.engine.transaction.jta.platform.internal.NoJtaPlatform]
2023-03-19 18:05:13,344 INFO org.springframework.orm.jpa.AbstractEntityManagerFactoryBean [main] Initialized JPA EntityManagerFactory for persistence unit 'default'
2023-03-19 18:05:13,819 WARN org.springframework.boot.autoconfigure.orm.jpa.JpaBaseConfiguration$JpaWebConfiguration [main] spring.jpa.open-in-view is enabled by default. Therefore, database queries may be performed during view rendering. Explicitly configure spring.jpa.open-in-view to disable this warning
2023-03-19 18:05:14,312 INFO org.apache.juli.logging.DirectJDKLog [main] Starting ProtocolHandler ["http-nio-7777"]
2023-03-19 18:05:14,334 INFO org.springframework.boot.web.embedded.tomcat.TomcatWebServer [main] Tomcat started on port(s): 7777 (http) with context path ''
2023-03-19 18:05:14,695 INFO org.springframework.boot.StartupInfoLogger [main] Started PFEApplication in 5.025 seconds (JVM running for 5.732)
2023-03-19 18:05:14,711 INFO org.springframework.boot.StartupInfoLogger [main] Starting PFEApplication using Java 1.8.0_191 on LAPTOP-B0RHBDN9 with PID 14008 (C:\Users\Safa\IdeaProjects\ProjetPFESAFA\target\classes started by Safa in C:\Users\Safa\IdeaProjects\ProjetPFESAFA)
2023-03-19 18:05:14,711 DEBUG org.springframework.boot.StartupInfoLogger [main] Running with Spring Boot v2.5.1, Spring v5.3.8
2023-03-19 18:05:14,711 INFO org.springframework.boot.SpringApplication [main] The following profiles are active: dev
2023-03-19 18:05:14,952 INFO org.springframework.data.repository.config.RepositoryConfigurationDelegate [main] Bootstrapping Spring Data JPA repositories in DEFAULT mode.
2023-03-19 18:05:14,968 INFO org.springframework.data.repository.config.RepositoryConfigurationDelegate [main] Finished Spring Data repository scanning in 9 ms. Found 1 JPA repository interfaces.
2023-03-19 18:05:15,035 INFO org.springframework.boot.web.embedded.tomcat.TomcatWebServer [main] Tomcat initialized with port(s): 8083 (http)
2023-03-19 18:05:15,035 INFO org.apache.juli.logging.DirectJDKLog [main] Initializing ProtocolHandler ["http-nio-8083"]
2023-03-19 18:05:15,035 INFO org.apache.juli.logging.DirectJDKLog [main] Starting service [Tomcat]
2023-03-19 18:05:15,035 INFO org.apache.juli.logging.DirectJDKLog [main] Starting Servlet engine: [Apache Tomcat/9.0.46]
2023-03-19 18:05:15,044 INFO org.apache.juli.logging.DirectJDKLog [main] Initializing Spring embedded WebApplicationContext
2023-03-19 18:05:15,044 INFO org.springframework.boot.web.servlet.context.ServletWebServerApplicationContext [main] Root WebApplicationContext: initialization completed in 322 ms
2023-03-19 18:05:15,060 INFO com.zaxxer.hikari.HikariDataSource [main] HikariPool-2 - Starting...
2023-03-19 18:05:15,060 INFO com.zaxxer.hikari.pool.PoolBase [main] HikariPool-2 - Driver does not support get/set network timeout for connections. (com.mysql.jdbc.JDBC4Connection.getNetworkTimeout()I)
2023-03-19 18:05:15,076 INFO com.zaxxer.hikari.HikariDataSource [main] HikariPool-2 - Start completed.
2023-03-19 18:05:15,110 INFO org.springframework.orm.jpa.AbstractEntityManagerFactoryBean [main] Initialized JPA EntityManagerFactory for persistence unit 'default'
2023-03-19 18:05:15,215 WARN org.springframework.boot.autoconfigure.orm.jpa.JpaBaseConfiguration$JpaWebConfiguration [main] spring.jpa.open-in-view is enabled by default. Therefore, database queries may be performed during view rendering. Explicitly configure spring.jpa.open-in-view to disable this warning
2023-03-19 18:05:15,244 DEBUG org.springframework.web.servlet.handler.AbstractHandlerMethodMapping [main] 11 mappings in 'requestMappingHandlerMapping'
2023-03-19 18:05:15,280 DEBUG org.springframework.web.servlet.mvc.method.annotation.RequestMappingHandlerAdapter [main] ControllerAdvice beans: 0 @ModelAttribute, 0 @InitBinder, 1 RequestBodyAdvice, 1 ResponseBodyAdvice
2023-03-19 18:05:15,280 DEBUG org.springframework.web.servlet.handler.SimpleUrlHandlerMapping [main] Patterns [/swagger-ui/] in 'viewControllerHandlerMapping'
2023-03-19 18:05:15,280 DEBUG org.springframework.web.servlet.handler.SimpleUrlHandlerMapping [main] Patterns [/webjars/**, /**, /swagger-ui/**] in 'resourceHandlerMapping'
2023-03-19 18:05:15,296 DEBUG org.springframework.web.servlet.mvc.method.annotation.ExceptionHandlerExceptionResolver [main] ControllerAdvice beans: 0 @ExceptionHandler, 1 ResponseBodyAdvice
2023-03-19 18:05:15,314 INFO org.apache.juli.logging.DirectJDKLog [main] Starting ProtocolHandler ["http-nio-8083"]
2023-03-19 18:05:15,330 INFO org.springframework.boot.web.embedded.tomcat.TomcatWebServer [main] Tomcat started on port(s): 8083 (http) with context path ''
2023-03-19 18:05:15,361 INFO org.springframework.boot.StartupInfoLogger [main] Started PFEApplication in 0.664 seconds (JVM running for 6.4)
2023-03-19 18:05:15,361 INFO ma.geo.local.PFEApplication [main] Access URLs:
----------------------------------------------------------
	Local: 		http://127.0.0.1:8083/swagger-ui/#/
	External: 	http://172.21.80.1:8083/swagger-ui/#/
----------------------------------------------------------
2023-03-19 18:05:21,203 INFO org.apache.juli.logging.DirectJDKLog [http-nio-8083-exec-1] Initializing Spring DispatcherServlet 'dispatcherServlet'
2023-03-19 18:05:21,204 INFO org.springframework.web.servlet.FrameworkServlet [http-nio-8083-exec-1] Initializing Servlet 'dispatcherServlet'
2023-03-19 18:05:21,204 DEBUG org.springframework.web.servlet.DispatcherServlet [http-nio-8083-exec-1] Detected StandardServletMultipartResolver
2023-03-19 18:05:21,204 DEBUG org.springframework.web.servlet.DispatcherServlet [http-nio-8083-exec-1] Detected AcceptHeaderLocaleResolver
2023-03-19 18:05:21,204 DEBUG org.springframework.web.servlet.DispatcherServlet [http-nio-8083-exec-1] Detected FixedThemeResolver
2023-03-19 18:05:21,207 DEBUG org.springframework.web.servlet.DispatcherServlet [http-nio-8083-exec-1] Detected org.springframework.web.servlet.view.DefaultRequestToViewNameTranslator@5d20195b
2023-03-19 18:05:21,209 DEBUG org.springframework.web.servlet.DispatcherServlet [http-nio-8083-exec-1] Detected org.springframework.web.servlet.support.SessionFlashMapManager@37b80ec7
2023-03-19 18:05:21,209 DEBUG org.springframework.web.servlet.FrameworkServlet [http-nio-8083-exec-1] enableLoggingRequestDetails='false': request parameters and headers will be masked to prevent unsafe logging of potentially sensitive data
2023-03-19 18:05:21,209 INFO org.springframework.web.servlet.FrameworkServlet [http-nio-8083-exec-1] Completed initialization in 5 ms
2023-03-19 18:05:21,223 DEBUG org.springframework.core.log.LogFormatUtils [http-nio-8083-exec-1] GET "/swagger-ui/", parameters={}
2023-03-19 18:05:21,230 DEBUG org.springframework.web.servlet.handler.AbstractHandlerMapping [http-nio-8083-exec-1] Mapped to ParameterizableViewController [view="forward:/swagger-ui/index.html"]
2023-03-19 18:05:21,241 DEBUG org.springframework.web.servlet.view.ContentNegotiatingViewResolver [http-nio-8083-exec-1] Selected 'text/html' given [text/html, application/xhtml+xml, image/webp, image/apng, application/xml;q=0.9, application/signed-exchange;v=b3;q=0.7, */*;q=0.8]
2023-03-19 18:05:21,241 DEBUG org.springframework.web.servlet.view.AbstractView [http-nio-8083-exec-1] View name 'forward:', model {}
2023-03-19 18:05:21,242 DEBUG org.springframework.web.servlet.view.InternalResourceView [http-nio-8083-exec-1] Forwarding to [/swagger-ui/index.html]
2023-03-19 18:05:21,242 DEBUG org.springframework.core.log.LogFormatUtils [http-nio-8083-exec-1] "FORWARD" dispatch for GET "/swagger-ui/index.html", parameters={}
2023-03-19 18:05:21,249 DEBUG org.springframework.web.servlet.handler.AbstractHandlerMapping [http-nio-8083-exec-1] Mapped to ResourceHttpRequestHandler [Classpath [META-INF/resources/webjars/springfox-swagger-ui/]]
2023-03-19 18:05:21,257 DEBUG org.springframework.web.servlet.FrameworkServlet [http-nio-8083-exec-1] Exiting from "FORWARD" dispatch, status 304
2023-03-19 18:05:21,257 DEBUG org.springframework.web.servlet.FrameworkServlet [http-nio-8083-exec-1] Completed 304 NOT_MODIFIED
2023-03-19 18:05:21,282 DEBUG org.springframework.core.log.LogFormatUtils [http-nio-8083-exec-2] GET "/swagger-ui/springfox.css?v=3.0.0", parameters={masked}
2023-03-19 18:05:21,282 DEBUG org.springframework.core.log.LogFormatUtils [http-nio-8083-exec-4] GET "/swagger-ui/swagger-ui-bundle.js?v=3.0.0", parameters={masked}
2023-03-19 18:05:21,286 DEBUG org.springframework.web.servlet.handler.AbstractHandlerMapping [http-nio-8083-exec-2] Mapped to ResourceHttpRequestHandler [Classpath [META-INF/resources/webjars/springfox-swagger-ui/]]
2023-03-19 18:05:21,286 DEBUG org.springframework.web.servlet.handler.AbstractHandlerMapping [http-nio-8083-exec-4] Mapped to ResourceHttpRequestHandler [Classpath [META-INF/resources/webjars/springfox-swagger-ui/]]
2023-03-19 18:05:21,287 DEBUG org.springframework.core.log.LogFormatUtils [http-nio-8083-exec-3] GET "/swagger-ui/swagger-ui.css?v=3.0.0", parameters={masked}
2023-03-19 18:05:21,287 DEBUG org.springframework.web.servlet.handler.AbstractHandlerMapping [http-nio-8083-exec-3] Mapped to ResourceHttpRequestHandler [Classpath [META-INF/resources/webjars/springfox-swagger-ui/]]
2023-03-19 18:05:21,287 DEBUG org.springframework.core.log.LogFormatUtils [http-nio-8083-exec-6] GET "/swagger-ui/springfox.js?v=3.0.0", parameters={masked}
2023-03-19 18:05:21,287 DEBUG org.springframework.core.log.LogFormatUtils [http-nio-8083-exec-5] GET "/swagger-ui/swagger-ui-standalone-preset.js?v=3.0.0", parameters={masked}
2023-03-19 18:05:21,288 DEBUG org.springframework.web.servlet.handler.AbstractHandlerMapping [http-nio-8083-exec-6] Mapped to ResourceHttpRequestHandler [Classpath [META-INF/resources/webjars/springfox-swagger-ui/]]
2023-03-19 18:05:21,289 DEBUG org.springframework.web.servlet.handler.AbstractHandlerMapping [http-nio-8083-exec-5] Mapped to ResourceHttpRequestHandler [Classpath [META-INF/resources/webjars/springfox-swagger-ui/]]
2023-03-19 18:05:21,289 DEBUG org.springframework.web.servlet.FrameworkServlet [http-nio-8083-exec-3] Completed 304 NOT_MODIFIED
2023-03-19 18:05:21,289 DEBUG org.springframework.web.servlet.FrameworkServlet [http-nio-8083-exec-4] Completed 304 NOT_MODIFIED
2023-03-19 18:05:21,291 DEBUG org.springframework.web.servlet.FrameworkServlet [http-nio-8083-exec-6] Completed 304 NOT_MODIFIED
2023-03-19 18:05:21,291 DEBUG org.springframework.web.servlet.FrameworkServlet [http-nio-8083-exec-5] Completed 304 NOT_MODIFIED
2023-03-19 18:05:21,294 DEBUG org.springframework.web.servlet.FrameworkServlet [http-nio-8083-exec-2] Completed 304 NOT_MODIFIED
2023-03-19 18:05:21,438 DEBUG org.springframework.core.log.LogFormatUtils [http-nio-8083-exec-7] GET "/swagger-resources/configuration/ui", parameters={}
2023-03-19 18:05:21,439 DEBUG org.springframework.web.servlet.handler.AbstractHandlerMapping [http-nio-8083-exec-7] Mapped to springfox.documentation.swagger.web.ApiResourceController#uiConfiguration()
2023-03-19 18:05:21,450 DEBUG org.springframework.web.servlet.mvc.method.annotation.AbstractMessageConverterMethodProcessor [http-nio-8083-exec-7] Using 'application/json', given [application/json] and supported [application/json]
2023-03-19 18:05:21,483 DEBUG org.springframework.core.log.LogFormatUtils [http-nio-8083-exec-7] Writing [springfox.documentation.swagger.web.UiConfiguration@7dadc422]
2023-03-19 18:05:21,483 DEBUG org.springframework.web.servlet.FrameworkServlet [http-nio-8083-exec-7] Completed 200 OK
2023-03-19 18:05:21,483 DEBUG org.springframework.core.log.LogFormatUtils [http-nio-8083-exec-8] GET "/swagger-resources/configuration/ui", parameters={}
2023-03-19 18:05:21,499 DEBUG org.springframework.web.servlet.handler.AbstractHandlerMapping [http-nio-8083-exec-8] Mapped to springfox.documentation.swagger.web.ApiResourceController#uiConfiguration()
2023-03-19 18:05:21,500 DEBUG org.springframework.web.servlet.mvc.method.annotation.AbstractMessageConverterMethodProcessor [http-nio-8083-exec-8] Using 'application/json', given [application/json] and supported [application/json]
2023-03-19 18:05:21,500 DEBUG org.springframework.core.log.LogFormatUtils [http-nio-8083-exec-9] GET "/swagger-resources/configuration/security", parameters={}
2023-03-19 18:05:21,501 DEBUG org.springframework.core.log.LogFormatUtils [http-nio-8083-exec-8] Writing [springfox.documentation.swagger.web.UiConfiguration@7dadc422]
2023-03-19 18:05:21,501 DEBUG org.springframework.web.servlet.handler.AbstractHandlerMapping [http-nio-8083-exec-9] Mapped to springfox.documentation.swagger.web.ApiResourceController#securityConfiguration()
2023-03-19 18:05:21,501 DEBUG org.springframework.web.servlet.FrameworkServlet [http-nio-8083-exec-8] Completed 200 OK
2023-03-19 18:05:21,501 DEBUG org.springframework.web.servlet.mvc.method.annotation.AbstractMessageConverterMethodProcessor [http-nio-8083-exec-9] Using 'application/json', given [application/json] and supported [application/json]
2023-03-19 18:05:21,501 DEBUG org.springframework.core.log.LogFormatUtils [http-nio-8083-exec-9] Writing [springfox.documentation.swagger.web.SecurityConfiguration@7938c5fe]
2023-03-19 18:05:21,501 DEBUG org.springframework.web.servlet.FrameworkServlet [http-nio-8083-exec-9] Completed 200 OK
2023-03-19 18:05:21,507 DEBUG org.springframework.core.log.LogFormatUtils [http-nio-8083-exec-10] GET "/swagger-resources/configuration/security", parameters={}
2023-03-19 18:05:21,507 DEBUG org.springframework.web.servlet.handler.AbstractHandlerMapping [http-nio-8083-exec-10] Mapped to springfox.documentation.swagger.web.ApiResourceController#securityConfiguration()
2023-03-19 18:05:21,507 DEBUG org.springframework.core.log.LogFormatUtils [http-nio-8083-exec-1] GET "/swagger-resources", parameters={}
2023-03-19 18:05:21,507 DEBUG org.springframework.web.servlet.handler.AbstractHandlerMapping [http-nio-8083-exec-1] Mapped to springfox.documentation.swagger.web.ApiResourceController#swaggerResources()
2023-03-19 18:05:21,507 DEBUG org.springframework.web.servlet.mvc.method.annotation.AbstractMessageConverterMethodProcessor [http-nio-8083-exec-10] Using 'application/json', given [application/json] and supported [application/json]
2023-03-19 18:05:21,507 DEBUG org.springframework.core.log.LogFormatUtils [http-nio-8083-exec-10] Writing [springfox.documentation.swagger.web.SecurityConfiguration@7938c5fe]
2023-03-19 18:05:21,507 DEBUG org.springframework.web.servlet.mvc.method.annotation.AbstractMessageConverterMethodProcessor [http-nio-8083-exec-1] Using 'application/json', given [application/json] and supported [application/json]
2023-03-19 18:05:21,507 DEBUG org.springframework.web.servlet.FrameworkServlet [http-nio-8083-exec-10] Completed 200 OK
2023-03-19 18:05:21,507 DEBUG org.springframework.core.log.LogFormatUtils [http-nio-8083-exec-1] Writing [[springfox.documentation.swagger.web.SwaggerResource@62ddd62b]]
2023-03-19 18:05:21,516 DEBUG org.springframework.web.servlet.FrameworkServlet [http-nio-8083-exec-1] Completed 200 OK
2023-03-19 18:05:21,517 DEBUG org.springframework.core.log.LogFormatUtils [http-nio-8083-exec-3] GET "/swagger-resources", parameters={}
2023-03-19 18:05:21,519 DEBUG org.springframework.web.servlet.handler.AbstractHandlerMapping [http-nio-8083-exec-3] Mapped to springfox.documentation.swagger.web.ApiResourceController#swaggerResources()
2023-03-19 18:05:21,519 DEBUG org.springframework.web.servlet.mvc.method.annotation.AbstractMessageConverterMethodProcessor [http-nio-8083-exec-3] Using 'application/json', given [application/json] and supported [application/json]
2023-03-19 18:05:21,519 DEBUG org.springframework.core.log.LogFormatUtils [http-nio-8083-exec-3] Writing [[springfox.documentation.swagger.web.SwaggerResource@6959d2b0]]
2023-03-19 18:05:21,519 DEBUG org.springframework.web.servlet.FrameworkServlet [http-nio-8083-exec-3] Completed 200 OK
2023-03-19 18:05:21,551 DEBUG org.springframework.core.log.LogFormatUtils [http-nio-8083-exec-4] GET "/v2/api-docs", parameters={}
2023-03-19 18:05:21,551 DEBUG org.springframework.web.servlet.handler.AbstractHandlerMapping [http-nio-8083-exec-4] Mapped to springfox.documentation.swagger2.web.Swagger2ControllerWebMvc#getDocumentation(String, HttpServletRequest)
2023-03-19 18:05:21,634 DEBUG org.springframework.web.servlet.mvc.method.annotation.AbstractMessageConverterMethodProcessor [http-nio-8083-exec-4] Using 'application/json', given [application/json, */*] and supported [application/json, application/hal+json]
2023-03-19 18:05:21,634 DEBUG org.springframework.core.log.LogFormatUtils [http-nio-8083-exec-4] Writing [springfox.documentation.spring.web.json.Json@48a70dd6]
2023-03-19 18:05:21,634 DEBUG org.springframework.web.servlet.FrameworkServlet [http-nio-8083-exec-4] Completed 200 OK
2023-03-19 18:05:21,634 DEBUG org.springframework.core.log.LogFormatUtils [http-nio-8083-exec-6] GET "/v2/api-docs", parameters={}
2023-03-19 18:05:21,634 DEBUG org.springframework.web.servlet.handler.AbstractHandlerMapping [http-nio-8083-exec-6] Mapped to springfox.documentation.swagger2.web.Swagger2ControllerWebMvc#getDocumentation(String, HttpServletRequest)
2023-03-19 18:05:21,650 DEBUG org.springframework.web.servlet.mvc.method.annotation.AbstractMessageConverterMethodProcessor [http-nio-8083-exec-6] Using 'application/json', given [application/json, */*] and supported [application/json, application/hal+json]
2023-03-19 18:05:21,651 DEBUG org.springframework.core.log.LogFormatUtils [http-nio-8083-exec-6] Writing [springfox.documentation.spring.web.json.Json@3a345cad]
2023-03-19 18:05:21,651 DEBUG org.springframework.web.servlet.FrameworkServlet [http-nio-8083-exec-6] Completed 200 OK
2023-03-19 18:18:25,260 DEBUG org.springframework.core.log.LogFormatUtils [http-nio-8083-exec-10] GET "/swagger-resources/configuration/ui", parameters={}
2023-03-19 18:18:25,260 DEBUG org.springframework.web.servlet.handler.AbstractHandlerMapping [http-nio-8083-exec-10] Mapped to springfox.documentation.swagger.web.ApiResourceController#uiConfiguration()
2023-03-19 18:18:25,260 DEBUG org.springframework.web.servlet.mvc.method.annotation.AbstractMessageConverterMethodProcessor [http-nio-8083-exec-10] Using 'application/json', given [application/json] and supported [application/json]
2023-03-19 18:18:25,260 DEBUG org.springframework.core.log.LogFormatUtils [http-nio-8083-exec-10] Writing [springfox.documentation.swagger.web.UiConfiguration@7dadc422]
2023-03-19 18:18:25,260 DEBUG org.springframework.web.servlet.FrameworkServlet [http-nio-8083-exec-10] Completed 200 OK
2023-03-19 18:18:25,275 DEBUG org.springframework.core.log.LogFormatUtils [http-nio-8083-exec-1] GET "/swagger-resources/configuration/security", parameters={}
2023-03-19 18:18:25,275 DEBUG org.springframework.web.servlet.handler.AbstractHandlerMapping [http-nio-8083-exec-1] Mapped to springfox.documentation.swagger.web.ApiResourceController#securityConfiguration()
2023-03-19 18:18:25,275 DEBUG org.springframework.web.servlet.mvc.method.annotation.AbstractMessageConverterMethodProcessor [http-nio-8083-exec-1] Using 'application/json', given [application/json] and supported [application/json]
2023-03-19 18:18:25,275 DEBUG org.springframework.core.log.LogFormatUtils [http-nio-8083-exec-1] Writing [springfox.documentation.swagger.web.SecurityConfiguration@7938c5fe]
2023-03-19 18:18:25,275 DEBUG org.springframework.web.servlet.FrameworkServlet [http-nio-8083-exec-1] Completed 200 OK
2023-03-19 18:18:25,275 DEBUG org.springframework.core.log.LogFormatUtils [http-nio-8083-exec-3] GET "/swagger-resources", parameters={}
2023-03-19 18:18:25,275 DEBUG org.springframework.web.servlet.handler.AbstractHandlerMapping [http-nio-8083-exec-3] Mapped to springfox.documentation.swagger.web.ApiResourceController#swaggerResources()
2023-03-19 18:18:25,275 DEBUG org.springframework.web.servlet.mvc.method.annotation.AbstractMessageConverterMethodProcessor [http-nio-8083-exec-3] Using 'application/json', given [application/json] and supported [application/json]
2023-03-19 18:18:25,275 DEBUG org.springframework.core.log.LogFormatUtils [http-nio-8083-exec-3] Writing [[springfox.documentation.swagger.web.SwaggerResource@679e31eb]]
2023-03-19 18:18:25,275 DEBUG org.springframework.web.servlet.FrameworkServlet [http-nio-8083-exec-3] Completed 200 OK
2023-03-19 18:18:25,307 DEBUG org.springframework.core.log.LogFormatUtils [http-nio-8083-exec-4] GET "/v2/api-docs", parameters={}
2023-03-19 18:18:25,307 DEBUG org.springframework.web.servlet.handler.AbstractHandlerMapping [http-nio-8083-exec-4] Mapped to springfox.documentation.swagger2.web.Swagger2ControllerWebMvc#getDocumentation(String, HttpServletRequest)
2023-03-19 18:18:25,307 DEBUG org.springframework.web.servlet.mvc.method.annotation.AbstractMessageConverterMethodProcessor [http-nio-8083-exec-4] Using 'application/json', given [application/json, */*] and supported [application/json, application/hal+json]
2023-03-19 18:18:25,307 DEBUG org.springframework.core.log.LogFormatUtils [http-nio-8083-exec-4] Writing [springfox.documentation.spring.web.json.Json@1e560428]
2023-03-19 18:18:25,307 DEBUG org.springframework.web.servlet.FrameworkServlet [http-nio-8083-exec-4] Completed 200 OK
2023-03-19 18:18:41,989 WARN com.zaxxer.hikari.pool.HikariPool$HouseKeeper [HikariPool-1 housekeeper] HikariPool-1 - Thread starvation or clock leap detected (housekeeper delta=5m29s356ms371µs800ns).
2023-03-19 18:18:44,694 WARN com.zaxxer.hikari.pool.HikariPool$HouseKeeper [HikariPool-2 housekeeper] HikariPool-2 - Thread starvation or clock leap detected (housekeeper delta=5m29s347ms310µs500ns).
2023-03-19 18:26:24,699 WARN com.zaxxer.hikari.pool.HikariPool$HouseKeeper [HikariPool-1 housekeeper] HikariPool-1 - Thread starvation or clock leap detected (housekeeper delta=1m12s608ms758µs700ns).
2023-03-19 18:26:27,443 WARN com.zaxxer.hikari.pool.HikariPool$HouseKeeper [HikariPool-2 housekeeper] HikariPool-2 - Thread starvation or clock leap detected (housekeeper delta=1m12s608ms28µs600ns).
2023-03-19 18:40:18,546 INFO org.springframework.orm.jpa.AbstractEntityManagerFactoryBean [SpringApplicationShutdownHook] Closing JPA EntityManagerFactory for persistence unit 'default'
2023-03-19 18:40:18,546 INFO com.zaxxer.hikari.HikariDataSource [SpringApplicationShutdownHook] HikariPool-1 - Shutdown initiated...
2023-03-19 18:40:18,546 INFO com.zaxxer.hikari.HikariDataSource [SpringApplicationShutdownHook] HikariPool-1 - Shutdown completed.
2023-03-19 18:40:18,685 INFO org.springframework.orm.jpa.AbstractEntityManagerFactoryBean [SpringApplicationShutdownHook] Closing JPA EntityManagerFactory for persistence unit 'default'
2023-03-19 18:40:18,685 INFO com.zaxxer.hikari.HikariDataSource [SpringApplicationShutdownHook] HikariPool-2 - Shutdown initiated...
2023-03-19 18:40:18,685 INFO com.zaxxer.hikari.HikariDataSource [SpringApplicationShutdownHook] HikariPool-2 - Shutdown completed.
2023-03-19 18:40:23,233 INFO org.springframework.boot.StartupInfoLogger [main] Starting PFEApplication using Java 1.8.0_191 on LAPTOP-B0RHBDN9 with PID 17960 (C:\Users\Safa\IdeaProjects\ProjetPFESAFA\target\classes started by Safa in C:\Users\Safa\IdeaProjects\ProjetPFESAFA)
2023-03-19 18:40:23,234 INFO org.springframework.boot.SpringApplication [main] The following profiles are active: local
2023-03-19 18:40:24,118 INFO org.springframework.data.repository.config.RepositoryConfigurationDelegate [main] Bootstrapping Spring Data JPA repositories in DEFAULT mode.
2023-03-19 18:40:24,164 INFO org.springframework.data.repository.config.RepositoryConfigurationDelegate [main] Finished Spring Data repository scanning in 39 ms. Found 1 JPA repository interfaces.
2023-03-19 18:40:24,900 INFO org.springframework.boot.web.embedded.tomcat.TomcatWebServer [main] Tomcat initialized with port(s): 7777 (http)
2023-03-19 18:40:24,900 INFO org.apache.juli.logging.DirectJDKLog [main] Initializing ProtocolHandler ["http-nio-7777"]
2023-03-19 18:40:24,900 INFO org.apache.juli.logging.DirectJDKLog [main] Starting service [Tomcat]
2023-03-19 18:40:24,900 INFO org.apache.juli.logging.DirectJDKLog [main] Starting Servlet engine: [Apache Tomcat/9.0.46]
2023-03-19 18:40:25,028 INFO org.apache.juli.logging.DirectJDKLog [main] Initializing Spring embedded WebApplicationContext
2023-03-19 18:40:25,028 INFO org.springframework.boot.web.servlet.context.ServletWebServerApplicationContext [main] Root WebApplicationContext: initialization completed in 1734 ms
2023-03-19 18:40:25,123 INFO com.zaxxer.hikari.HikariDataSource [main] HikariPool-1 - Starting...
2023-03-19 18:40:25,365 INFO com.zaxxer.hikari.pool.PoolBase [main] HikariPool-1 - Driver does not support get/set network timeout for connections. (com.mysql.jdbc.JDBC4Connection.getNetworkTimeout()I)
2023-03-19 18:40:25,365 INFO com.zaxxer.hikari.HikariDataSource [main] HikariPool-1 - Start completed.
2023-03-19 18:40:25,490 INFO org.hibernate.jpa.internal.util.LogHelper [main] HHH000204: Processing PersistenceUnitInfo [name: default]
2023-03-19 18:40:25,538 INFO org.hibernate.Version [main] HHH000412: Hibernate ORM core version 5.4.32.Final
2023-03-19 18:40:25,679 INFO org.hibernate.annotations.common.reflection.java.JavaReflectionManager [main] HCANN000001: Hibernate Commons Annotations {5.1.2.Final}
2023-03-19 18:40:25,789 INFO org.hibernate.dialect.Dialect [main] HHH000400: Using dialect: org.hibernate.dialect.MySQL57Dialect
2023-03-19 18:40:26,239 INFO org.hibernate.engine.transaction.jta.platform.internal.JtaPlatformInitiator [main] HHH000490: Using JtaPlatform implementation: [org.hibernate.engine.transaction.jta.platform.internal.NoJtaPlatform]
2023-03-19 18:40:26,246 INFO org.springframework.orm.jpa.AbstractEntityManagerFactoryBean [main] Initialized JPA EntityManagerFactory for persistence unit 'default'
2023-03-19 18:40:26,706 WARN org.springframework.boot.autoconfigure.orm.jpa.JpaBaseConfiguration$JpaWebConfiguration [main] spring.jpa.open-in-view is enabled by default. Therefore, database queries may be performed during view rendering. Explicitly configure spring.jpa.open-in-view to disable this warning
2023-03-19 18:40:27,178 INFO org.apache.juli.logging.DirectJDKLog [main] Starting ProtocolHandler ["http-nio-7777"]
2023-03-19 18:40:27,198 INFO org.springframework.boot.web.embedded.tomcat.TomcatWebServer [main] Tomcat started on port(s): 7777 (http) with context path ''
2023-03-19 18:40:27,532 INFO org.springframework.boot.StartupInfoLogger [main] Started PFEApplication in 4.785 seconds (JVM running for 5.385)
2023-03-19 18:40:27,548 INFO org.springframework.boot.StartupInfoLogger [main] Starting PFEApplication using Java 1.8.0_191 on LAPTOP-B0RHBDN9 with PID 17960 (C:\Users\Safa\IdeaProjects\ProjetPFESAFA\target\classes started by Safa in C:\Users\Safa\IdeaProjects\ProjetPFESAFA)
2023-03-19 18:40:27,548 DEBUG org.springframework.boot.StartupInfoLogger [main] Running with Spring Boot v2.5.1, Spring v5.3.8
2023-03-19 18:40:27,548 INFO org.springframework.boot.SpringApplication [main] The following profiles are active: dev
2023-03-19 18:40:27,778 INFO org.springframework.data.repository.config.RepositoryConfigurationDelegate [main] Bootstrapping Spring Data JPA repositories in DEFAULT mode.
2023-03-19 18:40:27,794 INFO org.springframework.data.repository.config.RepositoryConfigurationDelegate [main] Finished Spring Data repository scanning in 7 ms. Found 1 JPA repository interfaces.
2023-03-19 18:40:27,857 INFO org.springframework.boot.web.embedded.tomcat.TomcatWebServer [main] Tomcat initialized with port(s): 8083 (http)
2023-03-19 18:40:27,857 INFO org.apache.juli.logging.DirectJDKLog [main] Initializing ProtocolHandler ["http-nio-8083"]
2023-03-19 18:40:27,857 INFO org.apache.juli.logging.DirectJDKLog [main] Starting service [Tomcat]
2023-03-19 18:40:27,857 INFO org.apache.juli.logging.DirectJDKLog [main] Starting Servlet engine: [Apache Tomcat/9.0.46]
2023-03-19 18:40:27,866 INFO org.apache.juli.logging.DirectJDKLog [main] Initializing Spring embedded WebApplicationContext
2023-03-19 18:40:27,866 INFO org.springframework.boot.web.servlet.context.ServletWebServerApplicationContext [main] Root WebApplicationContext: initialization completed in 307 ms
2023-03-19 18:40:27,897 INFO com.zaxxer.hikari.HikariDataSource [main] HikariPool-2 - Starting...
2023-03-19 18:40:27,897 INFO com.zaxxer.hikari.pool.PoolBase [main] HikariPool-2 - Driver does not support get/set network timeout for connections. (com.mysql.jdbc.JDBC4Connection.getNetworkTimeout()I)
2023-03-19 18:40:27,897 INFO com.zaxxer.hikari.HikariDataSource [main] HikariPool-2 - Start completed.
2023-03-19 18:40:27,947 INFO org.springframework.orm.jpa.AbstractEntityManagerFactoryBean [main] Initialized JPA EntityManagerFactory for persistence unit 'default'
2023-03-19 18:40:28,059 WARN org.springframework.boot.autoconfigure.orm.jpa.JpaBaseConfiguration$JpaWebConfiguration [main] spring.jpa.open-in-view is enabled by default. Therefore, database queries may be performed during view rendering. Explicitly configure spring.jpa.open-in-view to disable this warning
2023-03-19 18:40:28,075 DEBUG org.springframework.web.servlet.handler.AbstractHandlerMethodMapping [main] 11 mappings in 'requestMappingHandlerMapping'
2023-03-19 18:40:28,107 DEBUG org.springframework.web.servlet.mvc.method.annotation.RequestMappingHandlerAdapter [main] ControllerAdvice beans: 0 @ModelAttribute, 0 @InitBinder, 1 RequestBodyAdvice, 1 ResponseBodyAdvice
2023-03-19 18:40:28,122 DEBUG org.springframework.web.servlet.handler.SimpleUrlHandlerMapping [main] Patterns [/swagger-ui/] in 'viewControllerHandlerMapping'
2023-03-19 18:40:28,122 DEBUG org.springframework.web.servlet.handler.SimpleUrlHandlerMapping [main] Patterns [/webjars/**, /**, /swagger-ui/**] in 'resourceHandlerMapping'
2023-03-19 18:40:28,122 DEBUG org.springframework.web.servlet.mvc.method.annotation.ExceptionHandlerExceptionResolver [main] ControllerAdvice beans: 0 @ExceptionHandler, 1 ResponseBodyAdvice
2023-03-19 18:40:28,153 INFO org.apache.juli.logging.DirectJDKLog [main] Starting ProtocolHandler ["http-nio-8083"]
2023-03-19 18:40:28,157 INFO org.springframework.boot.web.embedded.tomcat.TomcatWebServer [main] Tomcat started on port(s): 8083 (http) with context path ''
2023-03-19 18:40:28,173 INFO org.springframework.boot.StartupInfoLogger [main] Started PFEApplication in 0.641 seconds (JVM running for 6.029)
2023-03-19 18:40:28,173 INFO ma.geo.local.PFEApplication [main] Access URLs:
----------------------------------------------------------
	Local: 		http://127.0.0.1:8083/swagger-ui/#/
	External: 	http://172.21.80.1:8083/swagger-ui/#/
----------------------------------------------------------
2023-03-19 18:41:54,163 INFO org.apache.juli.logging.DirectJDKLog [http-nio-8083-exec-1] Initializing Spring DispatcherServlet 'dispatcherServlet'
2023-03-19 18:41:54,163 INFO org.springframework.web.servlet.FrameworkServlet [http-nio-8083-exec-1] Initializing Servlet 'dispatcherServlet'
2023-03-19 18:41:54,163 DEBUG org.springframework.web.servlet.DispatcherServlet [http-nio-8083-exec-1] Detected StandardServletMultipartResolver
2023-03-19 18:41:54,163 DEBUG org.springframework.web.servlet.DispatcherServlet [http-nio-8083-exec-1] Detected AcceptHeaderLocaleResolver
2023-03-19 18:41:54,163 DEBUG org.springframework.web.servlet.DispatcherServlet [http-nio-8083-exec-1] Detected FixedThemeResolver
2023-03-19 18:41:54,163 DEBUG org.springframework.web.servlet.DispatcherServlet [http-nio-8083-exec-1] Detected org.springframework.web.servlet.view.DefaultRequestToViewNameTranslator@9a07409
2023-03-19 18:41:54,163 DEBUG org.springframework.web.servlet.DispatcherServlet [http-nio-8083-exec-1] Detected org.springframework.web.servlet.support.SessionFlashMapManager@41abee65
2023-03-19 18:41:54,163 DEBUG org.springframework.web.servlet.FrameworkServlet [http-nio-8083-exec-1] enableLoggingRequestDetails='false': request parameters and headers will be masked to prevent unsafe logging of potentially sensitive data
2023-03-19 18:41:54,163 INFO org.springframework.web.servlet.FrameworkServlet [http-nio-8083-exec-1] Completed initialization in 0 ms
2023-03-19 18:41:54,179 DEBUG org.springframework.core.log.LogFormatUtils [http-nio-8083-exec-1] GET "/swagger-resources/configuration/ui", parameters={}
2023-03-19 18:41:54,179 DEBUG org.springframework.web.servlet.handler.AbstractHandlerMapping [http-nio-8083-exec-1] Mapped to springfox.documentation.swagger.web.ApiResourceController#uiConfiguration()
2023-03-19 18:41:54,211 DEBUG org.springframework.web.servlet.mvc.method.annotation.AbstractMessageConverterMethodProcessor [http-nio-8083-exec-1] Using 'application/json', given [application/json] and supported [application/json]
2023-03-19 18:41:54,240 DEBUG org.springframework.core.log.LogFormatUtils [http-nio-8083-exec-1] Writing [springfox.documentation.swagger.web.UiConfiguration@bcbd994]
2023-03-19 18:41:54,258 DEBUG org.springframework.web.servlet.FrameworkServlet [http-nio-8083-exec-1] Completed 200 OK
2023-03-19 18:41:54,279 DEBUG org.springframework.core.log.LogFormatUtils [http-nio-8083-exec-2] GET "/swagger-resources/configuration/security", parameters={}
2023-03-19 18:41:54,279 DEBUG org.springframework.web.servlet.handler.AbstractHandlerMapping [http-nio-8083-exec-2] Mapped to springfox.documentation.swagger.web.ApiResourceController#securityConfiguration()
2023-03-19 18:41:54,284 DEBUG org.springframework.web.servlet.mvc.method.annotation.AbstractMessageConverterMethodProcessor [http-nio-8083-exec-2] Using 'application/json', given [application/json] and supported [application/json]
2023-03-19 18:41:54,292 DEBUG org.springframework.core.log.LogFormatUtils [http-nio-8083-exec-2] Writing [springfox.documentation.swagger.web.SecurityConfiguration@700354c9]
2023-03-19 18:41:54,294 DEBUG org.springframework.web.servlet.FrameworkServlet [http-nio-8083-exec-2] Completed 200 OK
2023-03-19 18:41:54,299 DEBUG org.springframework.core.log.LogFormatUtils [http-nio-8083-exec-2] GET "/swagger-resources", parameters={}
2023-03-19 18:41:54,299 DEBUG org.springframework.web.servlet.handler.AbstractHandlerMapping [http-nio-8083-exec-2] Mapped to springfox.documentation.swagger.web.ApiResourceController#swaggerResources()
2023-03-19 18:41:54,299 DEBUG org.springframework.web.servlet.mvc.method.annotation.AbstractMessageConverterMethodProcessor [http-nio-8083-exec-2] Using 'application/json', given [application/json] and supported [application/json]
2023-03-19 18:41:54,299 DEBUG org.springframework.core.log.LogFormatUtils [http-nio-8083-exec-2] Writing [[springfox.documentation.swagger.web.SwaggerResource@8c42f43]]
2023-03-19 18:41:54,313 DEBUG org.springframework.web.servlet.FrameworkServlet [http-nio-8083-exec-2] Completed 200 OK
2023-03-19 18:41:54,340 DEBUG org.springframework.core.log.LogFormatUtils [http-nio-8083-exec-4] GET "/v2/api-docs", parameters={}
2023-03-19 18:41:54,340 DEBUG org.springframework.web.servlet.handler.AbstractHandlerMapping [http-nio-8083-exec-4] Mapped to springfox.documentation.swagger2.web.Swagger2ControllerWebMvc#getDocumentation(String, HttpServletRequest)
2023-03-19 18:41:54,440 DEBUG org.springframework.web.servlet.mvc.method.annotation.AbstractMessageConverterMethodProcessor [http-nio-8083-exec-4] Using 'application/json', given [application/json, */*] and supported [application/json, application/hal+json]
2023-03-19 18:41:54,440 DEBUG org.springframework.core.log.LogFormatUtils [http-nio-8083-exec-4] Writing [springfox.documentation.spring.web.json.Json@4f1cb6ec]
2023-03-19 18:41:54,440 DEBUG org.springframework.web.servlet.FrameworkServlet [http-nio-8083-exec-4] Completed 200 OK
2023-03-19 18:56:43,755 WARN com.zaxxer.hikari.pool.HikariPool$HouseKeeper [HikariPool-2 housekeeper] HikariPool-2 - Thread starvation or clock leap detected (housekeeper delta=10m45s659ms471µs900ns).
2023-03-19 21:12:39,676 WARN com.zaxxer.hikari.pool.HikariPool$HouseKeeper [HikariPool-1 housekeeper] HikariPool-1 - Thread starvation or clock leap detected (housekeeper delta=2h26m15s762ms326µs300ns).
2023-03-19 21:12:42,195 WARN com.zaxxer.hikari.pool.HikariPool$HouseKeeper [HikariPool-2 housekeeper] HikariPool-2 - Thread starvation or clock leap detected (housekeeper delta=2h16m106ms156µs200ns).
2023-03-19 22:34:58,216 WARN com.zaxxer.hikari.pool.HikariPool$HouseKeeper [HikariPool-1 housekeeper] HikariPool-1 - Thread starvation or clock leap detected (housekeeper delta=19m41s285ms278µs700ns).
2023-03-19 22:35:00,646 WARN com.zaxxer.hikari.pool.HikariPool$HouseKeeper [HikariPool-2 housekeeper] HikariPool-2 - Thread starvation or clock leap detected (housekeeper delta=19m41s269ms31µs700ns).
2023-03-19 23:07:50,996 WARN com.zaxxer.hikari.pool.HikariPool$HouseKeeper [HikariPool-2 housekeeper] HikariPool-2 - Thread starvation or clock leap detected (housekeeper delta=49s950ms693µs500ns).
2023-03-19 23:08:18,569 WARN com.zaxxer.hikari.pool.HikariPool$HouseKeeper [HikariPool-1 housekeeper] HikariPool-1 - Thread starvation or clock leap detected (housekeeper delta=49s952ms169µs700ns).
